
info: Apr-09-2023 18:04:21: 	CREATED USER {"employeeId":"3","realName":"pavi","nickName":"pavithekavi","dob":"9/2/2002","hobbies":"writing poems"}
info: Apr-12-2023 18:22:27: 	CREATED USER {"employeeId":"3","realName":"pavi","nickName":"pavithekavi","dob":"9/2/2002","hobbies":"writing poems"}
info: Apr-12-2023 18:23:35: 	CREATED USER {"employeeId":"3","realName":"pavi","nickName":"pavithekavi","dob":"9/2/2002","hobbies":"writing poems"}
info: Apr-12-2023 18:27:52: 	/buddies/ - ::ffff:127.0.0.1
info: Apr-12-2023 18:28:33: 	/buddies/ - ::ffff:127.0.0.1
info: Apr-12-2023 18:32:18: 	$(message)
info: Apr-12-2023 18:32:28: 	4000
info: Apr-12-2023 19:16:43: 	4000
info: Apr-12-2023 19:16:47: 	4000
info: Apr-12-2023 19:16:52: 	4000
info: Apr-12-2023 19:17:05: 	4000
info: Apr-12-2023 19:17:08: 	4000
info: Apr-12-2023 19:17:15: 	4000
info: Apr-12-2023 19:17:18: 	4000
info: Apr-12-2023 19:17:20: 	4000
info: Apr-12-2023 19:17:23: 	4000
info: Apr-12-2023 19:17:29: 	4000
info: Apr-12-2023 19:17:33: 	4000
info: Apr-12-2023 19:17:50: 	4000
info: Apr-12-2023 19:17:57: 	4000
info: Apr-12-2023 19:18:06: 	4000
info: Apr-12-2023 19:18:25: 	4000
info: Apr-12-2023 19:18:55: 	4000
info: Apr-12-2023 19:18:58: 	4000
info: Apr-12-2023 19:20:26: 	4000
info: Apr-12-2023 19:20:30: 	4000
info: Apr-12-2023 19:20:56: 	4000
info: Apr-12-2023 19:21:02: 	4000
info: Apr-12-2023 19:21:04: 	4000
info: Apr-12-2023 19:21:05: 	4000
info: Apr-12-2023 19:21:10: 	4000
info: Apr-12-2023 19:21:15: 	4000
info: Apr-12-2023 19:21:19: 	4000
info: Apr-12-2023 19:21:23: 	4000
info: Apr-12-2023 19:21:24: 	4000
info: Apr-12-2023 19:21:37: 	4000
info: Apr-12-2023 19:21:41: 	4000
info: Apr-12-2023 19:21:45: 	4000
info: Apr-12-2023 19:21:51: 	4000
info: Apr-12-2023 19:21:52: 	4000
info: Apr-12-2023 19:21:56: 	4000
info: Apr-12-2023 19:22:01: 	4000
info: Apr-12-2023 19:22:05: 	4000
info: Apr-12-2023 19:22:08: 	4000
info: Apr-12-2023 19:22:11: 	4000
info: Apr-12-2023 19:22:16: 	4000
info: Apr-12-2023 19:24:38: 	4000
info: Apr-12-2023 19:24:43: 	4000
info: Apr-12-2023 19:24:46: 	4000
info: Apr-12-2023 19:24:52: 	4000
info: Apr-12-2023 19:25:10: 	4000
info: Apr-12-2023 19:25:29: 	4000
info: Apr-12-2023 19:25:35: 	4000
info: Apr-12-2023 19:25:37: 	4000
info: Apr-12-2023 19:25:39: 	4000
info: Apr-12-2023 19:25:42: 	4000
info: Apr-12-2023 19:25:46: 	4000
info: Apr-12-2023 19:25:48: 	4000
info: Apr-12-2023 19:28:25: 	4000
info: Apr-12-2023 19:28:32: 	4000
info: Apr-12-2023 19:28:34: 	4000
info: Apr-12-2023 19:28:41: 	4000
info: Apr-12-2023 19:28:45: 	4000
info: Apr-12-2023 19:29:06: 	4000
info: Apr-12-2023 19:29:15: 	4000
info: Apr-12-2023 19:29:36: 	4000
info: Apr-12-2023 19:29:38: 	4000
info: Apr-12-2023 19:29:40: 	4000
info: Apr-12-2023 19:29:46: 	4000
info: Apr-12-2023 19:30:14: 	4000
info: Apr-12-2023 19:30:18: 	4000
info: Apr-12-2023 19:30:21: 	4000
info: Apr-12-2023 19:30:26: 	4000
info: Apr-12-2023 19:30:31: 	4000
info: Apr-12-2023 19:30:34: 	4000
info: Apr-12-2023 19:30:37: 	4000
info: Apr-12-2023 19:30:47: 	4000
info: Apr-12-2023 19:30:54: 	4000
info: Apr-12-2023 19:30:56: 	4000
info: Apr-12-2023 19:31:07: 	4000
info: Apr-12-2023 19:31:08: 	4000
info: Apr-12-2023 19:31:10: 	4000
info: Apr-12-2023 19:31:13: 	4000
info: Apr-12-2023 19:31:20: 	4000
info: Apr-12-2023 19:31:24: 	4000
info: Apr-12-2023 19:31:28: 	4000
info: Apr-12-2023 19:31:32: 	4000
info: Apr-12-2023 19:31:34: 	4000
info: Apr-12-2023 19:31:40: 	4000
info: Apr-12-2023 19:31:44: 	4000
info: Apr-12-2023 19:31:52: 	4000
info: Apr-12-2023 19:31:54: 	4000
info: Apr-12-2023 19:31:58: 	4000
info: Apr-12-2023 19:32:00: 	4000
info: Apr-12-2023 19:32:11: 	4000
info: Apr-12-2023 19:32:14: 	4000
info: Apr-12-2023 19:32:21: 	4000
info: Apr-12-2023 19:32:24: 	4000
info: Apr-12-2023 19:32:27: 	4000
info: Apr-12-2023 19:34:03: 	4000
info: Apr-12-2023 19:34:05: 	4000
info: Apr-12-2023 19:34:05: 	/buddies/ - ::ffff:127.0.0.1
info: Apr-12-2023 19:34:26: 	4000
info: Apr-12-2023 19:34:30: 	4000
info: Apr-12-2023 19:34:50: 	4000
info: Apr-12-2023 19:34:54: 	/buddies/ - ::ffff:127.0.0.1
info: Apr-12-2023 19:35:27: 	4000
info: Apr-12-2023 19:35:33: 	4000
info: Apr-12-2023 19:35:37: 	4000
info: Apr-12-2023 19:36:16: 	4000
info: Apr-12-2023 19:36:39: 	4000
info: Apr-12-2023 19:36:43: 	4000
info: Apr-12-2023 19:36:54: 	4000
info: Apr-12-2023 19:36:59: 	4000
info: Apr-12-2023 19:37:01: 	4000
info: Apr-12-2023 19:37:24: 	4000
info: Apr-12-2023 19:37:26: 	4000
info: Apr-12-2023 19:37:30: 	4000
info: Apr-12-2023 19:37:32: 	4000
info: Apr-12-2023 19:37:35: 	4000
info: Apr-12-2023 19:38:41: 	4000
info: Apr-12-2023 19:38:44: 	4000
info: Apr-12-2023 19:38:46: 	4000
info: Apr-12-2023 19:38:53: 	4000
info: Apr-12-2023 19:40:02: 	4000
info: Apr-12-2023 19:40:27: 	4000
info: Apr-12-2023 19:40:30: 	4000
info: Apr-12-2023 19:40:39: 	4000
info: Apr-12-2023 19:40:44: 	4000
info: Apr-12-2023 19:40:59: 	4000
info: Apr-12-2023 19:41:00: 	4000
info: Apr-12-2023 19:41:07: 	4000
info: Apr-12-2023 19:41:10: 	4000
info: Apr-12-2023 19:41:15: 	4000
info: Apr-12-2023 19:41:31: 	4000
info: Apr-12-2023 19:41:34: 	4000
info: Apr-12-2023 19:41:43: 	4000
info: Apr-12-2023 19:41:49: 	4000
info: Apr-12-2023 19:41:51: 	4000
info: Apr-12-2023 19:42:01: 	4000
info: Apr-12-2023 19:42:09: 	4000
info: Apr-12-2023 19:42:12: 	4000
info: Apr-12-2023 19:43:13: 	4000
info: Apr-12-2023 19:43:15: 	4000
info: Apr-12-2023 19:43:28: 	4000
info: Apr-12-2023 19:43:35: 	4000
info: Apr-12-2023 19:43:39: 	4000
info: Apr-12-2023 19:43:47: 	4000
info: Apr-12-2023 19:43:49: 	4000
info: Apr-12-2023 19:43:54: 	4000
info: Apr-12-2023 19:43:56: 	4000
info: Apr-12-2023 19:44:13: 	4000
info: Apr-12-2023 19:44:16: 	4000
info: Apr-12-2023 19:44:17: 	4000
info: Apr-12-2023 19:44:22: 	4000
info: Apr-12-2023 19:44:26: 	4000
info: Apr-12-2023 19:44:28: 	4000
info: Apr-12-2023 19:44:29: 	4000
info: Apr-12-2023 19:44:41: 	4000
info: Apr-12-2023 19:44:43: 	4000
info: Apr-12-2023 19:44:47: 	4000
info: Apr-12-2023 19:45:06: 	4000
info: Apr-12-2023 19:45:10: 	4000
info: Apr-12-2023 19:45:24: 	4000
info: Apr-12-2023 19:45:26: 	4000
info: Apr-12-2023 19:45:28: 	4000
info: Apr-12-2023 19:45:31: 	4000
info: Apr-12-2023 19:45:37: 	4000
info: Apr-12-2023 19:45:39: 	4000
info: Apr-12-2023 19:45:42: 	4000
info: Apr-12-2023 19:45:43: 	4000
info: Apr-12-2023 19:45:48: 	4000
info: Apr-12-2023 19:46:17: 	/buddies/ - ::ffff:127.0.0.1
info: Apr-12-2023 19:46:26: 	/buddies/ - ::ffff:127.0.0.1
info: Apr-12-2023 19:46:26: 	4000
info: Apr-12-2023 19:46:59: 	4000
info: Apr-12-2023 19:47:48: 	4000
info: Apr-12-2023 19:47:52: 	4000
info: Apr-12-2023 19:48:01: 	4000
info: Apr-12-2023 19:48:04: 	4000
info: Apr-12-2023 19:48:07: 	4000
info: Apr-12-2023 19:48:39: 	4000
info: Apr-12-2023 19:48:42: 	4000
info: Apr-12-2023 19:48:48: 	4000
info: Apr-12-2023 19:48:56: 	4000
info: Apr-12-2023 19:48:57: 	/buddies/ - ::ffff:127.0.0.1
info: Apr-12-2023 19:49:13: 	4000
info: Apr-12-2023 19:49:15: 	4000
info: Apr-12-2023 19:49:18: 	4000
info: Apr-12-2023 19:49:22: 	4000
info: Apr-12-2023 19:49:25: 	4000
info: Apr-12-2023 19:49:28: 	4000
info: Apr-12-2023 19:49:33: 	4000
info: Apr-12-2023 19:49:36: 	4000
info: Apr-12-2023 19:49:40: 	4000
info: Apr-12-2023 19:49:45: 	4000
info: Apr-12-2023 19:49:49: 	4000
info: Apr-12-2023 19:49:51: 	4000
info: Apr-12-2023 19:49:53: 	4000
info: Apr-12-2023 19:49:58: 	4000
info: Apr-12-2023 19:50:01: 	4000
info: Apr-12-2023 19:50:03: 	4000
info: Apr-12-2023 19:50:07: 	/buddies/ - ::ffff:127.0.0.1
info: Apr-12-2023 19:50:12: 	/buddies/ - ::ffff:127.0.0.1
info: Apr-12-2023 19:50:12: 	4000
info: Apr-12-2023 19:50:55: 	4000
info: Apr-12-2023 19:51:04: 	/buddies/ - ::ffff:127.0.0.1
info: Apr-12-2023 19:51:29: 	/buddies/ - ::ffff:127.0.0.1
info: Apr-12-2023 19:51:53: 	4000
info: Apr-12-2023 19:51:59: 	/buddies/938 - ::ffff:127.0.0.1
info: Apr-12-2023 19:52:22: 	/buddies/23 - ::ffff:127.0.0.1
info: Apr-12-2023 19:52:23: 	/buddies/23 - ::ffff:127.0.0.1
info: Apr-12-2023 19:52:27: 	/buddies/1 - ::ffff:127.0.0.1
info: Apr-12-2023 19:52:28: 	/buddies/1 - ::ffff:127.0.0.1
info: Apr-12-2023 19:52:28: 	/buddies/1 - ::ffff:127.0.0.1
info: Apr-12-2023 19:52:28: 	/buddies/1 - ::ffff:127.0.0.1
info: Apr-12-2023 19:52:42: 	/buddies/ - ::ffff:127.0.0.1
info: Apr-12-2023 19:52:43: 	4000
info: Apr-12-2023 19:52:44: 	/buddies/ - ::ffff:127.0.0.1
info: Apr-12-2023 19:52:45: 	/buddies/ - ::ffff:127.0.0.1
info: Apr-12-2023 19:52:46: 	/buddies/ - ::ffff:127.0.0.1
info: Apr-12-2023 19:52:46: 	/buddies/ - ::ffff:127.0.0.1
info: Apr-12-2023 19:52:46: 	/buddies/ - ::ffff:127.0.0.1
info: Apr-12-2023 19:52:50: 	/buddies/ - ::ffff:127.0.0.1
info: Apr-12-2023 19:53:24: 	4000
info: Apr-12-2023 19:53:38: 	4000
info: Apr-12-2023 19:53:40: 	/buddies/ - ::ffff:127.0.0.1
info: Apr-12-2023 19:53:57: 	4000
info: Apr-12-2023 19:53:59: 	4000
info: Apr-12-2023 19:54:01: 	4000
info: Apr-12-2023 19:54:01: 	/buddies/ - ::ffff:127.0.0.1
info: Apr-12-2023 19:54:10: 	4000
info: Apr-12-2023 19:54:11: 	4000
info: Apr-12-2023 19:54:11: 	/buddies/ - ::ffff:127.0.0.1
info: Apr-12-2023 19:54:15: 	4000
info: Apr-12-2023 19:54:18: 	/buddies/ - ::ffff:127.0.0.1
info: Apr-12-2023 19:55:01: 	/buddies/ - ::ffff:127.0.0.1
info: Apr-12-2023 19:55:07: 	/buddies/ - ::ffff:127.0.0.1
info: Apr-12-2023 19:55:57: 	/buddies/ - ::ffff:127.0.0.1
info: Apr-12-2023 19:56:08: 	/buddies/938 - ::ffff:127.0.0.1
info: Apr-12-2023 19:56:09: 	4000
info: Apr-12-2023 19:57:03: 	/buddies/938 - ::ffff:127.0.0.1
info: Apr-12-2023 19:57:05: 	4000
info: Apr-12-2023 19:57:25: 	4000
info: Apr-12-2023 19:57:26: 	4000
info: Apr-12-2023 19:57:28: 	4000
info: Apr-12-2023 19:57:35: 	/buddies/ - ::ffff:127.0.0.1
info: Apr-12-2023 19:57:58: 	/buddies/ - ::ffff:127.0.0.1
info: Apr-12-2023 19:58:44: 	4000
info: Apr-12-2023 19:58:45: 	/buddies/ - ::ffff:127.0.0.1
info: Apr-12-2023 19:58:54: 	/buddies/ - ::ffff:127.0.0.1
info: Apr-12-2023 19:59:11: 	4000
info: Apr-12-2023 19:59:18: 	4000
info: Apr-12-2023 19:59:19: 	4000
info: Apr-12-2023 19:59:21: 	/buddies/ - ::ffff:127.0.0.1
info: Apr-12-2023 19:59:30: 	4000
info: Apr-12-2023 19:59:36: 	/buddies/ - ::ffff:127.0.0.1
info: Apr-12-2023 19:59:56: 	4000
info: Apr-12-2023 20:00:02: 	4000
info: Apr-12-2023 20:00:33: 	4000
info: Apr-12-2023 20:00:35: 	4000
info: Apr-12-2023 20:00:42: 	4000
info: Apr-12-2023 20:00:42: 	/buddies/ - ::ffff:127.0.0.1
info: Apr-12-2023 20:01:02: 	/buddies/ - ::ffff:127.0.0.1
info: Apr-12-2023 20:01:02: 	4000
info: Apr-12-2023 20:01:06: 	/buddies/ - ::ffff:127.0.0.1
info: Apr-12-2023 20:01:24: 	4000
info: Apr-12-2023 20:01:25: 	/buddies/ - ::ffff:127.0.0.1
info: Apr-12-2023 20:02:04: 	4000
info: Apr-12-2023 20:02:06: 	4000
info: Apr-12-2023 20:02:09: 	4000
info: Apr-12-2023 20:02:13: 	4000
info: Apr-12-2023 20:02:15: 	/buddies/ - ::ffff:127.0.0.1
info: Apr-12-2023 20:02:35: 	4000
info: Apr-12-2023 20:02:37: 	/buddies/ - ::ffff:127.0.0.1
info: Apr-12-2023 20:03:05: 	4000
info: Apr-12-2023 20:03:24: 	4000
info: Apr-12-2023 20:03:25: 	/buddies/ - ::ffff:127.0.0.1
info: Apr-12-2023 20:03:51: 	4000
info: Apr-12-2023 20:03:57: 	4000
info: Apr-12-2023 20:03:58: 	/buddies/ - ::ffff:127.0.0.1
info: Apr-12-2023 20:04:15: 	/buddies/ - ::ffff:127.0.0.1
info: Apr-12-2023 20:04:15: 	4000
info: Apr-12-2023 20:04:47: 	/buddies/938 - ::ffff:127.0.0.1
info: Apr-12-2023 20:04:48: 	4000
info: Apr-12-2023 20:04:55: 	/buddies/938 - ::ffff:127.0.0.1
info: Apr-12-2023 20:05:02: 	/buddies/ - ::ffff:127.0.0.1
info: Apr-12-2023 20:06:19: 	4000
info: Apr-12-2023 20:06:20: 	4000
info: Apr-12-2023 20:06:48: 	4000
info: Apr-12-2023 20:06:58: 	4000
info: Apr-12-2023 20:07:09: 	4000
info: Apr-12-2023 20:07:11: 	4000
info: Apr-12-2023 20:07:22: 	4000
